# JRE version: OpenJDK Runtime Environment Corretto-11.0.14.9.1 (11.0.14+9) (build 11.0.14+9-LTS)
# Java VM: OpenJDK 64-Bit Server VM Corretto-11.0.14.9.1 (11.0.14+9-LTS, mixed mode, tiered, compressed oops, g1 gc, windows-amd64)
Heap:
 garbage-first heap   total 327680K, used 35680K [0x00000006c1e00000, 0x0000000800000000)
  region size 1024K, 30 young (30720K), 2 survivors (2048K)
 Metaspace       used 26162K, capacity 26932K, committed 27056K, reserved 1073152K
  class space    used 2881K, capacity 3205K, committed 3328K, reserved 1048576K
GC Heap History (6 events):
Event: 1.580 GC heap before
{Heap before GC invocations=0 (full 0):
 garbage-first heap   total 327680K, used 23552K [0x00000006c1e00000, 0x0000000800000000)
  region size 1024K, 24 young (24576K), 0 survivors (0K)
 Metaspace       used 12888K, capacity 13235K, committed 13440K, reserved 1060864K
  class space    used 1187K, capacity 1290K, committed 1408K, reserved 1048576K
}
Event: 1.590 GC heap after
{Heap after GC invocations=1 (full 0):
 garbage-first heap   total 327680K, used 5997K [0x00000006c1e00000, 0x0000000800000000)
  region size 1024K, 3 young (3072K), 3 survivors (3072K)
 Metaspace       used 12888K, capacity 13235K, committed 13440K, reserved 1060864K
  class space    used 1187K, capacity 1290K, committed 1408K, reserved 1048576K
}
Event: 2.492 GC heap before
{Heap before GC invocations=1 (full 0):
 garbage-first heap   total 327680K, used 27501K [0x00000006c1e00000, 0x0000000800000000)
  region size 1024K, 24 young (24576K), 3 survivors (3072K)
 Metaspace       used 17224K, capacity 17622K, committed 17792K, reserved 1064960K
  class space    used 1708K, capacity 1838K, committed 1920K, reserved 1048576K
}
Event: 2.499 GC heap after
{Heap after GC invocations=2 (full 0):
 garbage-first heap   total 327680K, used 7081K [0x00000006c1e00000, 0x0000000800000000)
  region size 1024K, 1 young (1024K), 1 survivors (1024K)
 Metaspace       used 17224K, capacity 17622K, committed 17792K, reserved 1064960K
  class space    used 1708K, capacity 1838K, committed 1920K, reserved 1048576K
}
Event: 3.244 GC heap before
{Heap before GC invocations=2 (full 0):
 garbage-first heap   total 327680K, used 22441K [0x00000006c1e00000, 0x0000000800000000)
  region size 1024K, 17 young (17408K), 1 survivors (1024K)
 Metaspace       used 20641K, capacity 21134K, committed 21296K, reserved 1069056K
  class space    used 2192K, capacity 2375K, committed 2432K, reserved 1048576K
}
Event: 3.251 GC heap after
{Heap after GC invocations=3 (full 0):
 garbage-first heap   total 327680K, used 8032K [0x00000006c1e00000, 0x0000000800000000)
  region size 1024K, 2 young (2048K), 2 survivors (2048K)
 Metaspace       used 20641K, capacity 21134K, committed 21296K, reserved 1069056K
  class space    used 2192K, capacity 2375K, committed 2432K, reserved 1048576K
}

